<?xml version="1.0" encoding="UTF-8"?>
<!-- Generated by org.testng.reporters.JUnitXMLReporter -->
<testsuite ignored="0" hostname="DESKTOP-TSSL51R" failures="0" tests="7" name="Default test" time="32.536" errors="0" timestamp="02 Dec 2022 10:48:12 GMT">
  <testcase classname="org.amazonportal.MobileOrder" name="launch" time="3.677"/>
  <testcase classname="org.amazonportal.MobileOrder" name="search" time="6.483"/>
  <testcase classname="org.amazonportal.MobileOrder" name="selectMobile" time="4.49"/>
  <testcase classname="org.amazonportal.MobileOrder" name="windowHandle" time="3.472"/>
  <testcase classname="org.amazonportal.MobileOrder" name="exceloperation" time="7.446"/>
  <testcase classname="org.amazonportal.MobileOrder" name="addTocart" time="3.345"/>
  <testcase classname="org.amazonportal.MobileOrder" name="refresh" time="0.052"/>
</testsuite> <!-- Default test -->
